2014/09/06 17:51:43 [error] [system.db.CDbCommand] CDbCommand::fetchAll() failed: SQLSTATE[42S22]: Column not found: 1054 Unknown column 'profile_picture' in 'where clause'. The SQL statement executed was: SELECT *
FROM `os_banner`
WHERE published=1 AND profile_picture IS NOT NULL
ORDER BY `created_on` DESC.
in D:\xampp\htdocs\thakurgaonnews24\protected\components\Controller.php (668)
in D:\xampp\htdocs\thakurgaonnews24\themes\default\views\site\index.php (20)
in D:\xampp\htdocs\thakurgaonnews24\protected\controllers\front\SiteController.php (86)
2014/09/06 17:51:43 [error] [exception.CDbException] exception 'CDbException' with message 'CDbCommand failed to execute the SQL statement: SQLSTATE[42S22]: Column not found: 1054 Unknown column 'profile_picture' in 'where clause'. The SQL statement executed was: SELECT *
FROM `os_banner`
WHERE published=1 AND profile_picture IS NOT NULL
ORDER BY `created_on` DESC' in D:\xampp\htdocs\thakurgaonnews24\framework\db\CDbCommand.php:541
Stack trace:
#0 D:\xampp\htdocs\thakurgaonnews24\framework\db\CDbCommand.php(395): CDbCommand->queryInternal('fetchAll', Array, Array)
#1 D:\xampp\htdocs\thakurgaonnews24\protected\components\Controller.php(668): CDbCommand->queryAll()
#2 D:\xampp\htdocs\thakurgaonnews24\themes\default\views\site\index.php(20): Controller->get_banner()
#3 D:\xampp\htdocs\thakurgaonnews24\framework\web\CBaseController.php(126): require('D:\xampp\htdocs...')
#4 D:\xampp\htdocs\thakurgaonnews24\framework\web\CBaseController.php(95): CBaseController->renderInternal('D:\xampp\htdocs...', NULL, true)
#5 D:\xampp\htdocs\thakurgaonnews24\framework\web\CController.php(869): CBaseController->renderFile('D:\xampp\htdocs...', NULL, true)
#6 D:\xampp\htdocs\thakurgaonnews24\framework\web\CController.php(782): CController->renderPartial('index', NULL, true)
#7 D:\xampp\htdocs\thakurgaonnews24\protected\controllers\front\SiteController.php(86): CController->render('index')
#8 D:\xampp\htdocs\thakurgaonnews24\framework\web\actions\CInlineAction.php(49): SiteController->actionIndex()
#9 D:\xampp\htdocs\thakurgaonnews24\framework\web\CController.php(308): CInlineAction->runWithParams(Array)
#10 D:\xampp\htdocs\thakurgaonnews24\framework\web\filters\CFilterChain.php(133): CController->runAction(Object(CInlineAction))
#11 D:\xampp\htdocs\thakurgaonnews24\framework\web\filters\CFilter.php(40): CFilterChain->run()
#12 D:\xampp\htdocs\thakurgaonnews24\framework\web\CController.php(1145): CFilter->filter(Object(CFilterChain))
#13 D:\xampp\htdocs\thakurgaonnews24\framework\web\filters\CInlineFilter.php(58): CController->filterAccessControl(Object(CFilterChain))
#14 D:\xampp\htdocs\thakurgaonnews24\framework\web\filters\CFilterChain.php(130): CInlineFilter->filter(Object(CFilterChain))
#15 D:\xampp\htdocs\thakurgaonnews24\framework\web\CController.php(291): CFilterChain->run()
#16 D:\xampp\htdocs\thakurgaonnews24\framework\web\CController.php(265): CController->runActionWithFilters(Object(CInlineAction), Array)
#17 D:\xampp\htdocs\thakurgaonnews24\framework\web\CWebApplication.php(282): CController->run('index')
#18 D:\xampp\htdocs\thakurgaonnews24\framework\web\CWebApplication.php(141): CWebApplication->runController('site/index')
#19 D:\xampp\htdocs\thakurgaonnews24\framework\base\CApplication.php(169): CWebApplication->processRequest()
#20 D:\xampp\htdocs\thakurgaonnews24\protected\components\WebApplicationEndBehavior.php(24): CApplication->run()
#21 [internal function]: WebApplicationEndBehavior->runEnd('front')
#22 D:\xampp\htdocs\thakurgaonnews24\framework\base\CComponent.php(260): call_user_func_array(Array, Array)
#23 D:\xampp\htdocs\thakurgaonnews24\index.php(13): CComponent->__call('runEnd', Array)
#24 D:\xampp\htdocs\thakurgaonnews24\index.php(13): CWebApplication->runEnd('front')
#25 {main}
REQUEST_URI=/thakurgaonnews24/index.php?r=site/index
---
2014/09/06 17:52:51 [error] [system.db.CDbCommand] CDbCommand::fetchAll() failed: SQLSTATE[42S02]: Base table or view not found: 1146 Table 'thakurgaonnews24.os_os_content' doesn't exist. The SQL statement executed was: SELECT *
FROM `os_os_content`
WHERE state=1 AND profile_picture IS NOT NULL
ORDER BY `created` DESC.
in D:\xampp\htdocs\thakurgaonnews24\protected\components\Controller.php (668)
in D:\xampp\htdocs\thakurgaonnews24\themes\default\views\site\index.php (20)
in D:\xampp\htdocs\thakurgaonnews24\protected\controllers\front\SiteController.php (86)
2014/09/06 17:52:51 [error] [exception.CDbException] exception 'CDbException' with message 'CDbCommand failed to execute the SQL statement: SQLSTATE[42S02]: Base table or view not found: 1146 Table 'thakurgaonnews24.os_os_content' doesn't exist. The SQL statement executed was: SELECT *
FROM `os_os_content`
WHERE state=1 AND profile_picture IS NOT NULL
ORDER BY `created` DESC' in D:\xampp\htdocs\thakurgaonnews24\framework\db\CDbCommand.php:541
Stack trace:
#0 D:\xampp\htdocs\thakurgaonnews24\framework\db\CDbCommand.php(395): CDbCommand->queryInternal('fetchAll', Array, Array)
#1 D:\xampp\htdocs\thakurgaonnews24\protected\components\Controller.php(668): CDbCommand->queryAll()
#2 D:\xampp\htdocs\thakurgaonnews24\themes\default\views\site\index.php(20): Controller->get_banner()
#3 D:\xampp\htdocs\thakurgaonnews24\framework\web\CBaseController.php(126): require('D:\xampp\htdocs...')
#4 D:\xampp\htdocs\thakurgaonnews24\framework\web\CBaseController.php(95): CBaseController->renderInternal('D:\xampp\htdocs...', NULL, true)
#5 D:\xampp\htdocs\thakurgaonnews24\framework\web\CController.php(869): CBaseController->renderFile('D:\xampp\htdocs...', NULL, true)
#6 D:\xampp\htdocs\thakurgaonnews24\framework\web\CController.php(782): CController->renderPartial('index', NULL, true)
#7 D:\xampp\htdocs\thakurgaonnews24\protected\controllers\front\SiteController.php(86): CController->render('index')
#8 D:\xampp\htdocs\thakurgaonnews24\framework\web\actions\CInlineAction.php(49): SiteController->actionIndex()
#9 D:\xampp\htdocs\thakurgaonnews24\framework\web\CController.php(308): CInlineAction->runWithParams(Array)
#10 D:\xampp\htdocs\thakurgaonnews24\framework\web\filters\CFilterChain.php(133): CController->runAction(Object(CInlineAction))
#11 D:\xampp\htdocs\thakurgaonnews24\framework\web\filters\CFilter.php(40): CFilterChain->run()
#12 D:\xampp\htdocs\thakurgaonnews24\framework\web\CController.php(1145): CFilter->filter(Object(CFilterChain))
#13 D:\xampp\htdocs\thakurgaonnews24\framework\web\filters\CInlineFilter.php(58): CController->filterAccessControl(Object(CFilterChain))
#14 D:\xampp\htdocs\thakurgaonnews24\framework\web\filters\CFilterChain.php(130): CInlineFilter->filter(Object(CFilterChain))
#15 D:\xampp\htdocs\thakurgaonnews24\framework\web\CController.php(291): CFilterChain->run()
#16 D:\xampp\htdocs\thakurgaonnews24\framework\web\CController.php(265): CController->runActionWithFilters(Object(CInlineAction), Array)
#17 D:\xampp\htdocs\thakurgaonnews24\framework\web\CWebApplication.php(282): CController->run('index')
#18 D:\xampp\htdocs\thakurgaonnews24\framework\web\CWebApplication.php(141): CWebApplication->runController('site/index')
#19 D:\xampp\htdocs\thakurgaonnews24\framework\base\CApplication.php(169): CWebApplication->processRequest()
#20 D:\xampp\htdocs\thakurgaonnews24\protected\components\WebApplicationEndBehavior.php(24): CApplication->run()
#21 [internal function]: WebApplicationEndBehavior->runEnd('front')
#22 D:\xampp\htdocs\thakurgaonnews24\framework\base\CComponent.php(260): call_user_func_array(Array, Array)
#23 D:\xampp\htdocs\thakurgaonnews24\index.php(13): CComponent->__call('runEnd', Array)
#24 D:\xampp\htdocs\thakurgaonnews24\index.php(13): CWebApplication->runEnd('front')
#25 {main}
REQUEST_URI=/thakurgaonnews24/index.php?r=site/index
---
